<?xml version="1.0" encoding="UTF-8"?>
<testsuite name="ru.stqa.pft.addressbook.tests.GroupModificationTests" tests="1" skipped="0" failures="0" errors="0" timestamp="2021-03-26T09:44:57" hostname="NB2247" time="13.11">
  <properties/>
  <testcase name="testGroupModifications" classname="ru.stqa.pft.addressbook.tests.GroupModificationTests" time="13.11"/>
  <system-out><![CDATA[]]></system-out>
  <system-err><![CDATA[]]></system-err>
</testsuite>
