<?xml version="1.0" encoding="UTF-8"?>
<testsuite name="ru.stqa.pft.addressbook.tests.GroupDeletionTest" tests="1" skipped="0" failures="0" errors="0" timestamp="2021-03-26T09:44:46" hostname="NB2247" time="10.949">
  <properties/>
  <testcase name="testDeletionGroup" classname="ru.stqa.pft.addressbook.tests.GroupDeletionTest" time="10.949"/>
  <system-out><![CDATA[]]></system-out>
  <system-err><![CDATA[]]></system-err>
</testsuite>
